<?xml version="1.0" encoding="UTF-8"?>
<!-- Generated by org.testng.reporters.JUnitReportReporter -->
<testsuite hostname="DESKTOP-BJ91MAS" failures="0" tests="5" name="TESTCASES" time="104.302" errors="0" timestamp="2023-05-16T15:51:40 AST" skipped="0">
  <testcase classname="TESTCASES" name="LogIn" time="4.840"/>
  <system-out/>
  <testcase classname="TESTCASES" name="RANDOMLY_ADD3_PHONES" time="27.102"/>
  <system-out/>
  <testcase classname="TESTCASES" name="RANDOMLY_ADD2_LAPTOPS" time="19.879"/>
  <system-out/>
  <testcase classname="TESTCASES" name="RANDOMLY_ADD1_MONITOR" time="16.302"/>
  <system-out/>
  <testcase classname="TESTCASES" name="checkOutProcess" time="36.179"/>
  <system-out/>
</testsuite> <!-- TESTCASES -->
